This is pdfTeX, Version 3.14159265-2.6-1.40.19 (TeX Live 2018) (preloaded format=pdflatex 2018.8.20)  18 NOV 2018 13:00
entering extended mode
 restricted \write18 enabled.
 %&-line parsing enabled.
**"/Users/tanu/Documents/Uio/9. Semester/INF4331/INF4331-tanusanr/assignment6/t
emplates/CO2_by_country.html"

(/Users/tanu/Documents/Uio/9. Semester/INF4331/INF4331-tanusanr/assignment6/tem
plates/CO2_by_country.html
LaTeX2e <2018-04-01> patch level 2
Babel <3.18> and hyphenation patterns for 84 language(s) loaded.

! LaTeX Error: Missing \begin{document}.

See the LaTeX manual or LaTeX Companion for explanation.
Type  H <return>  for immediate help.
 ...                                              
                                                  
l.1 <
     !doctype html>
? 
! Emergency stop.
 ...                                              
                                                  
l.1 <
     !doctype html>
You're in trouble here.  Try typing  <return>  to proceed.
If that doesn't work, type  X <return>  to quit.

 
Here is how much of TeX's memory you used:
 8 strings out of 492649
 550 string characters out of 6129622
 56655 words of memory out of 5000000
 3988 multiletter control sequences out of 15000+600000
 3640 words of font info for 14 fonts, out of 8000000 for 9000
 1141 hyphenation exceptions out of 8191
 5i,0n,4p,124b,14s stack positions out of 5000i,500n,10000p,200000b,80000s
!  ==> Fatal error occurred, no output PDF file produced!
